['/Users/yang/Documents/fonzieyang.github.com/ical', '/System/Library/Frameworks/Python.framework/Versions/2.7/lib/python27.zip', '/System/Library/Frameworks/Python.framework/Versions/2.7/lib/python2.7', '/System/Library/Frameworks/Python.framework/Versions/2.7/lib/python2.7/plat-darwin', '/System/Library/Frameworks/Python.framework/Versions/2.7/lib/python2.7/plat-mac', '/System/Library/Frameworks/Python.framework/Versions/2.7/lib/python2.7/plat-mac/lib-scriptpackages', '/System/Library/Frameworks/Python.framework/Versions/2.7/Extras/lib/python', '/System/Library/Frameworks/Python.framework/Versions/2.7/lib/python2.7/lib-tk', '/System/Library/Frameworks/Python.framework/Versions/2.7/lib/python2.7/lib-old', '/System/Library/Frameworks/Python.framework/Versions/2.7/lib/python2.7/lib-dynload', '/System/Library/Frameworks/Python.framework/Versions/2.7/Extras/lib/python/PyObjC', '/Library/Python/2.7/site-packages']
[{'Task': '\xe7\xbb\x8f\xe6\xb5\x8e\xe5\xad\xa6\xe7\x9a\x84\xe6\x80\x9d\xe7\xbb\xb4\xe6\x96\xb9\xe5\xbc\x8f', 'End': '\xe4\xb8\x8b\xe5\x8d\x8811:04', 'Duration': '00:19', 'Notes': '\xe7\x9c\x8b\xe5\xae\x8c\xe5\x85\xa8\xe4\xb9\xa6', 'Duration in Hrs': '0.32', 'Amount': '\xef\xbf\xa5\xc2\xa00.00', 'Project': '\xe7\xa4\xbe\xe4\xbc\x9a\xe7\xa7\x91\xe5\xad\xa6', 'Start': '\xe4\xb8\x8b\xe5\x8d\x8810:45', 'Rate': '\xef\xbf\xa5\xc2\xa00.00', 'Date': '15/10/23'}, {'Task': '\xe7\x94\xb5\xe7\xbd\x91\xe6\x9c\xba\xe5\x99\xa8\xe4\xba\xba', 'End': '\xe4\xb8\x8a\xe5\x8d\x889:22', 'Duration': '00:19', 'Notes': 'done', 'Duration in Hrs': '0.32', 'Amount': '\xef\xbf\xa5\xc2\xa00.00', 'Project': 'AIToy', 'Start': '\xe4\xb8\x8a\xe5\x8d\x889:03', 'Rate': '\xef\xbf\xa5\xc2\xa00.00', 'Date': '15/10/24'}, {'Task': '\xe6\xa0\xbc\xe5\xad\x90', 'End': '\xe4\xb8\x8a\xe5\x8d\x8810:39', 'Duration': '01:16', 'Notes': '', 'Duration in Hrs': '1.27', 'Amount': '\xef\xbf\xa5\xc2\xa00.00', 'Project': 'AIToy', 'Start': '\xe4\xb8\x8a\xe5\x8d\x889:23', 'Rate': '\xef\xbf\xa5\xc2\xa00.00', 'Date': '15/10/24'}, {'Task': '\xe4\xbc\xa0\xe9\x80\x81\xe7\x82\xb9', 'End': '\xe4\xb8\x8a\xe5\x8d\x8811:24', 'Duration': '01:00', 'Notes': '', 'Duration in Hrs': '1', 'Amount': '\xef\xbf\xa5\xc2\xa00.00', 'Project': 'AIToy', 'Start': '\xe4\xb8\x8a\xe5\x8d\x8810:24', 'Rate': '\xef\xbf\xa5\xc2\xa00.00', 'Date': '15/10/24'}, {'Task': '\xe6\xb8\x85\xe7\x90\x86tapd', 'End': '\xe4\xb8\x8b\xe5\x8d\x883:38', 'Duration': '01:00', 'Notes': '', 'Duration in Hrs': '1', 'Amount': '\xef\xbf\xa5\xc2\xa00.00', 'Project': 'AIToy', 'Start': '\xe4\xb8\x8b\xe5\x8d\x882:38', 'Rate': '\xef\xbf\xa5\xc2\xa00.00', 'Date': '15/10/24'}, {'Task': '\xe8\xb7\xb3\xe7\xaf\xae\xe5\xad\x90', 'End': '\xe4\xb8\x8b\xe5\x8d\x885:14', 'Duration': '01:09', 'Notes': '', 'Duration in Hrs': '1.15', 'Amount': '\xef\xbf\xa5\xc2\xa00.00', 'Project': 'AIToy', 'Start': '\xe4\xb8\x8b\xe5\x8d\x884:05', 'Rate': '\xef\xbf\xa5\xc2\xa00.00', 'Date': '15/10/24'}, {'Task': 'Tyme', 'End': '\xe4\xb8\x8b\xe5\x8d\x8811:57', 'Duration': '01:00', 'Notes': '', 'Duration in Hrs': '1', 'Amount': '\xef\xbf\xa5\xc2\xa00.00', 'Project': '\xe4\xb8\xaa\xe4\xba\xba\xe5\x8f\x91\xe5\xb1\x95', 'Start': '\xe4\xb8\x8b\xe5\x8d\x8810:57', 'Rate': '\xef\xbf\xa5\xc2\xa00.00', 'Date': '15/10/24'}, {'Task': 'Tyme', 'End': '\xe4\xb8\x8a\xe5\x8d\x888:26', 'Duration': '00:06', 'Notes': '', 'Duration in Hrs': '0.1', 'Amount': '\xef\xbf\xa5\xc2\xa00.00', 'Project': '\xe4\xb8\xaa\xe4\xba\xba\xe5\x8f\x91\xe5\xb1\x95', 'Start': '\xe4\xb8\x8a\xe5\x8d\x888:19', 'Rate': '\xef\xbf\xa5\xc2\xa00.00', 'Date': '15/10/25'}, {'Task': 'Tyme', 'End': '\xe4\xb8\x8a\xe5\x8d\x888:55', 'Duration': '00:14', 'Notes': '', 'Duration in Hrs': '0.23', 'Amount': '\xef\xbf\xa5\xc2\xa00.00', 'Project': '\xe4\xb8\xaa\xe4\xba\xba\xe5\x8f\x91\xe5\xb1\x95', 'Start': '\xe4\xb8\x8a\xe5\x8d\x888:41', 'Rate': '\xef\xbf\xa5\xc2\xa00.00', 'Date': '15/10/25'}]
import icalendar
import datetime
loop task list
经济学的思维方式#社会科学15/10/23下午10:45下午11:04
经济学的思维方式#社会科学 [2015, 10, 23] [22, 45] [23, 4] 看完全书
电网机器人#AIToy15/10/24上午9:03上午9:22
电网机器人#AIToy [2015, 10, 24] [9, 3] [9, 22] done
格子#AIToy15/10/24上午9:23上午10:39
格子#AIToy [2015, 10, 24] [9, 23] [10, 39] 
传送点#AIToy15/10/24上午10:24上午11:24
传送点#AIToy [2015, 10, 24] [10, 24] [11, 24] 
清理tapd#AIToy15/10/24下午2:38下午3:38
清理tapd#AIToy [2015, 10, 24] [14, 38] [15, 38] 
跳篮子#AIToy15/10/24下午4:05下午5:14
跳篮子#AIToy [2015, 10, 24] [16, 5] [17, 14] 
Tyme#个人发展15/10/24下午10:57下午11:57
Tyme#个人发展 [2015, 10, 24] [22, 57] [23, 57] 
Tyme#个人发展15/10/25上午8:19上午8:26
Tyme#个人发展 [2015, 10, 25] [8, 19] [8, 26] 
Tyme#个人发展15/10/25上午8:41上午8:55
Tyme#个人发展 [2015, 10, 25] [8, 41] [8, 55] 
